Tlamati/unityLibrary/build/intermediates/manifest_merge_blame_file/debug/manifest-merger-blame-debug-report.txt
1<?xml version="1.0" encoding="utf-8"?>
2<!-- GENERATED BY UNITY. REMOVE THIS COMMENT TO PREVENT OVERWRITING WHEN EXPORTING AGAIN -->
3<manifest xmlns:android="http://schemas.android.com/apk/res/android"
4    xmlns:tools="http://schemas.android.com/tools"
5    package="com.unity3d.player"
6    android:versionCode="1"
7    android:versionName="0.1" >
8
9    <uses-sdk
10        android:minSdkVersion="19"
10-->src\main\AndroidManifest.xml
11        android:targetSdkVersion="29" />
11-->src\main\AndroidManifest.xml
12
13    <uses-feature android:glEsVersion="0x00030000" />
13-->src\main\AndroidManifest.xml:17:3-52
13-->src\main\AndroidManifest.xml:17:17-49
14    <uses-feature
14-->src\main\AndroidManifest.xml:18:3-91
15        android:name="android.hardware.vulkan.version"
15-->src\main\AndroidManifest.xml:18:17-63
16        android:required="false" />
16-->src\main\AndroidManifest.xml:18:64-88
17
18    <uses-permission android:name="android.permission.CAMERA" />
18-->src\main\AndroidManifest.xml:19:3-63
18-->src\main\AndroidManifest.xml:19:20-60
19    <uses-permission android:name="android.permission.INTERNET" />
19-->src\main\AndroidManifest.xml:20:3-65
19-->src\main\AndroidManifest.xml:20:20-62
20
21    <uses-feature
21-->src\main\AndroidManifest.xml:21:3-83
22        android:name="android.hardware.camera"
22-->src\main\AndroidManifest.xml:21:17-55
23        android:required="false" />
23-->src\main\AndroidManifest.xml:21:56-80
24    <uses-feature
24-->src\main\AndroidManifest.xml:22:3-93
25        android:name="android.hardware.camera.autofocus"
25-->src\main\AndroidManifest.xml:22:17-65
26        android:required="false" />
26-->src\main\AndroidManifest.xml:22:66-90
27    <uses-feature
27-->src\main\AndroidManifest.xml:23:3-89
28        android:name="android.hardware.camera.front"
28-->src\main\AndroidManifest.xml:23:17-61
29        android:required="false" />
29-->src\main\AndroidManifest.xml:23:62-86
30    <uses-feature
30-->src\main\AndroidManifest.xml:24:3-88
31        android:name="android.hardware.touchscreen"
31-->src\main\AndroidManifest.xml:24:17-60
32        android:required="false" />
32-->src\main\AndroidManifest.xml:24:61-85
33    <uses-feature
33-->src\main\AndroidManifest.xml:25:3-99
34        android:name="android.hardware.touchscreen.multitouch"
34-->src\main\AndroidManifest.xml:25:17-71
35        android:required="false" />
35-->src\main\AndroidManifest.xml:25:72-96
36    <uses-feature
36-->src\main\AndroidManifest.xml:26:3-108
37        android:name="android.hardware.touchscreen.multitouch.distinct"
37-->src\main\AndroidManifest.xml:26:17-80
38        android:required="false" />
38-->src\main\AndroidManifest.xml:26:81-105
39
40    <application>
40-->src\main\AndroidManifest.xml:4:3-16:17
41        <activity
41-->src\main\AndroidManifest.xml:5:5-9:16
42            android:name="com.unity3d.player.UnityPlayerActivity"
42-->src\main\AndroidManifest.xml:5:15-68
43            android:configChanges="mcc|mnc|locale|touchscreen|keyboard|keyboardHidden|navigation|orientation|screenLayout|uiMode|screenSize|smallestScreenSize|fontScale|layoutDirection|density"
43-->src\main\AndroidManifest.xml:5:182-363
44            android:hardwareAccelerated="false"
44-->src\main\AndroidManifest.xml:5:364-399
45            android:launchMode="singleTask"
45-->src\main\AndroidManifest.xml:5:150-181
46            android:screenOrientation="fullSensor"
46-->src\main\AndroidManifest.xml:5:111-149
47            android:theme="@style/UnityThemeSelector" >
47-->src\main\AndroidManifest.xml:5:69-110
48            <meta-data
48-->src\main\AndroidManifest.xml:7:7-82
49                android:name="unityplayer.UnityActivity"
49-->src\main\AndroidManifest.xml:7:18-58
50                android:value="true" />
50-->src\main\AndroidManifest.xml:7:59-79
51            <meta-data
51-->src\main\AndroidManifest.xml:8:7-78
52                android:name="android.notch_support"
52-->src\main\AndroidManifest.xml:8:18-54
53                android:value="true" />
53-->src\main\AndroidManifest.xml:8:55-75
54        </activity>
55
56        <meta-data
56-->src\main\AndroidManifest.xml:10:5-73
57            android:name="unity.tango-enable"
57-->src\main\AndroidManifest.xml:10:16-49
58            android:value="True" />
58-->src\main\AndroidManifest.xml:10:50-70
59        <meta-data
59-->src\main\AndroidManifest.xml:11:5-88
60            android:name="unityplayer.SkipPermissionsDialog"
60-->src\main\AndroidManifest.xml:11:16-64
61            android:value="true" />
61-->src\main\AndroidManifest.xml:11:65-85
62        <meta-data
62-->src\main\AndroidManifest.xml:12:5-69
63            android:name="unity.splash-mode"
63-->src\main\AndroidManifest.xml:12:16-48
64            android:value="0" />
64-->src\main\AndroidManifest.xml:12:49-66
65        <meta-data
65-->src\main\AndroidManifest.xml:13:5-74
66            android:name="unity.splash-enable"
66-->src\main\AndroidManifest.xml:13:16-50
67            android:value="True" />
67-->src\main\AndroidManifest.xml:13:51-71
68        <meta-data
68-->src\main\AndroidManifest.xml:14:5-81
69            android:name="notch.config"
69-->src\main\AndroidManifest.xml:14:16-43
70            android:value="portrait|landscape" />
70-->src\main\AndroidManifest.xml:14:44-78
71        <meta-data
71-->src\main\AndroidManifest.xml:15:5-101
72            android:name="unity.build-id"
72-->src\main\AndroidManifest.xml:15:16-45
73            android:value="a6125ba8-a644-454c-a7e6-2275ce91914c" />
73-->src\main\AndroidManifest.xml:15:46-98
74    </application>
75
76</manifest>